21:18:00.427 debug: 10/14/2025, 9:18:00 PM
21:18:00.427 debug: Project: /Users/thobn/DEVELOP/Game/BoiBai
21:18:00.427 debug: Targets: editor,preview
21:18:00.429 debug: Incremental file seems great.
21:18:00.429 debug: Engine path: /Applications/Cocos/Creator/3.8.7/CocosCreator.app/Contents/Resources/resources/3d/engine
21:18:00.434 debug: Initializing target [Editor]
21:18:00.434 debug: Loading cache
21:18:00.435 debug: Loading cache costs 0.675333999999566ms.
21:18:00.435 debug: Engine features shipped in editor: base,gfx-webgl,gfx-webgl2,gfx-empty,gfx-webgpu,3d,animation,skeletal-animation,2d,rich-text,mask,graphics,ui-skew,ui,affine-transform,sorting-2d,particle,particle-2d,physics-framework,physics-cannon,physics-physx,physics-ammo,physics-builtin,physics-2d-framework,physics-2d-box2d-jsb,physics-2d-box2d,physics-2d-builtin,physics-2d-box2d-wasm,intersection-2d,primitive,profiler,occlusion-query,geometry-renderer,debug-renderer,audio,video,xr,light-probe,terrain,webview,tween,tiled-map,vendor-google,spine-3.8,spine-4.2,dragon-bones,marionette,procedural-animation,custom-pipeline,custom-pipeline-builtin-scripts,custom-pipeline-post-process,legacy-pipeline,websocket,websocket-server,meshopt
21:18:00.435 debug: Our import map(foo:/bar): {
  "imports": {
    "cc": "cce:/internal/x/cc"
  }
}
21:18:00.435 debug: Initializing target [Preview]
21:18:00.435 debug: Loading cache
21:18:00.436 debug: Loading cache costs 0.5719579999995403ms.
21:18:00.436 debug: Our import map(foo:/bar): {
  "imports": {
    "cc": "cce:/internal/x/cc"
  }
}
21:18:00.461 debug: Sync engine features: 2d,affine-transform,animation,audio,base,custom-pipeline,dragon-bones,gfx-webgl,gfx-webgl2,graphics,intersection-2d,mask,particle-2d,physics-2d-box2d,profiler,rich-text,spine-3.8,tiled-map,tween,ui,video,webview
21:18:00.462 debug: Reset databases. Enumerated domains: [
  {
    "root": "db://internal/",
    "physical": "/Applications/Cocos/Creator/3.8.7/CocosCreator.app/Contents/Resources/resources/3d/engine/editor/assets"
  },
  {
    "root": "db://assets/",
    "physical": "/Users/thobn/DEVELOP/Game/BoiBai/assets"
  }
]
21:18:00.462 debug: Our import map(foo:/bar): {
  "imports": {
    "cc": "cce:/internal/x/cc",
    "db://internal/": "file:///Applications/Cocos/Creator/3.8.7/CocosCreator.app/Contents/Resources/resources/3d/engine/editor/assets/",
    "db://assets/": "file:///Users/thobn/DEVELOP/Game/BoiBai/assets/"
  }
}
21:18:00.463 debug: Our import map(foo:/bar): {
  "imports": {
    "cc": "cce:/internal/x/cc",
    "db://internal/": "file:///Applications/Cocos/Creator/3.8.7/CocosCreator.app/Contents/Resources/resources/3d/engine/editor/assets/",
    "db://assets/": "file:///Users/thobn/DEVELOP/Game/BoiBai/assets/"
  }
}
21:18:00.463 debug: Pulling asset-db.
21:18:00.463 debug: Fetch asset-db cost: 0.7564160000001721ms.
21:18:00.464 debug: Build iteration starts.
Number of accumulated asset changes: 0
Feature changed: false
21:18:00.464 debug: Target(editor) build started.
21:18:00.465 debug: Detected change: cce:/internal/x/cc. Last mtime: Thu Jan 01 1970 08:00:04 GMT+0800 (Indochina Time), Current mtime: Thu Jan 01 1970 08:00:04 GMT+0800 (Indochina Time)
21:18:00.465 debug: Inspect cce:/internal/x/cc
21:18:00.486 debug: transform url: 'cce:/internal/x/cc' costs: 20.70 ms
21:18:00.487 debug: Resolve cce:/internal/x/cc-fu/base from cce:/internal/x/cc as external dependency cce:/internal/x/cc-fu/base.
21:18:00.487 debug: Resolve cce:/internal/x/cc-fu/gfx-webgl from cce:/internal/x/cc as external dependency cce:/internal/x/cc-fu/gfx-webgl.
21:18:00.487 debug: Resolve cce:/internal/x/cc-fu/gfx-webgl2 from cce:/internal/x/cc as external dependency cce:/internal/x/cc-fu/gfx-webgl2.
21:18:00.487 debug: Resolve cce:/internal/x/cc-fu/gfx-empty from cce:/internal/x/cc as external dependency cce:/internal/x/cc-fu/gfx-empty.
21:18:00.487 debug: Resolve cce:/internal/x/cc-fu/gfx-webgpu from cce:/internal/x/cc as external dependency cce:/internal/x/cc-fu/gfx-webgpu.
21:18:00.487 debug: Resolve cce:/internal/x/cc-fu/3d from cce:/internal/x/cc as external dependency cce:/internal/x/cc-fu/3d.
21:18:00.487 debug: Resolve cce:/internal/x/cc-fu/animation from cce:/internal/x/cc as external dependency cce:/internal/x/cc-fu/animation.
21:18:00.487 debug: Resolve cce:/internal/x/cc-fu/skeletal-animation from cce:/internal/x/cc as external dependency cce:/internal/x/cc-fu/skeletal-animation.
21:18:00.487 debug: Resolve cce:/internal/x/cc-fu/2d from cce:/internal/x/cc as external dependency cce:/internal/x/cc-fu/2d.
21:18:00.487 debug: Resolve cce:/internal/x/cc-fu/sorting from cce:/internal/x/cc as external dependency cce:/internal/x/cc-fu/sorting.
21:18:00.487 debug: Resolve cce:/internal/x/cc-fu/rich-text from cce:/internal/x/cc as external dependency cce:/internal/x/cc-fu/rich-text.
21:18:00.487 debug: Resolve cce:/internal/x/cc-fu/mask from cce:/internal/x/cc as external dependency cce:/internal/x/cc-fu/mask.
21:18:00.487 debug: Resolve cce:/internal/x/cc-fu/graphics from cce:/internal/x/cc as external dependency cce:/internal/x/cc-fu/graphics.
21:18:00.487 debug: Resolve cce:/internal/x/cc-fu/ui-skew from cce:/internal/x/cc as external dependency cce:/internal/x/cc-fu/ui-skew.
21:18:00.487 debug: Resolve cce:/internal/x/cc-fu/ui from cce:/internal/x/cc as external dependency cce:/internal/x/cc-fu/ui.
21:18:00.487 debug: Resolve cce:/internal/x/cc-fu/affine-transform from cce:/internal/x/cc as external dependency cce:/internal/x/cc-fu/affine-transform.
21:18:00.487 debug: Resolve cce:/internal/x/cc-fu/sorting-2d from cce:/internal/x/cc as external dependency cce:/internal/x/cc-fu/sorting-2d.
21:18:00.487 debug: Resolve cce:/internal/x/cc-fu/particle from cce:/internal/x/cc as external dependency cce:/internal/x/cc-fu/particle.
21:18:00.487 debug: Resolve cce:/internal/x/cc-fu/particle-2d from cce:/internal/x/cc as external dependency cce:/internal/x/cc-fu/particle-2d.
21:18:00.487 debug: Resolve cce:/internal/x/cc-fu/physics-framework from cce:/internal/x/cc as external dependency cce:/internal/x/cc-fu/physics-framework.
21:18:00.487 debug: Resolve cce:/internal/x/cc-fu/physics-cannon from cce:/internal/x/cc as external dependency cce:/internal/x/cc-fu/physics-cannon.
21:18:00.487 debug: Resolve cce:/internal/x/cc-fu/physics-physx from cce:/internal/x/cc as external dependency cce:/internal/x/cc-fu/physics-physx.
21:18:00.487 debug: Resolve cce:/internal/x/cc-fu/physics-ammo from cce:/internal/x/cc as external dependency cce:/internal/x/cc-fu/physics-ammo.
21:18:00.487 debug: Resolve cce:/internal/x/cc-fu/physics-builtin from cce:/internal/x/cc as external dependency cce:/internal/x/cc-fu/physics-builtin.
21:18:00.487 debug: Resolve cce:/internal/x/cc-fu/physics-2d-framework from cce:/internal/x/cc as external dependency cce:/internal/x/cc-fu/physics-2d-framework.
21:18:00.487 debug: Resolve cce:/internal/x/cc-fu/physics-2d-box2d-jsb from cce:/internal/x/cc as external dependency cce:/internal/x/cc-fu/physics-2d-box2d-jsb.
21:18:00.487 debug: Resolve cce:/internal/x/cc-fu/physics-2d-box2d from cce:/internal/x/cc as external dependency cce:/internal/x/cc-fu/physics-2d-box2d.
21:18:00.487 debug: Resolve cce:/internal/x/cc-fu/physics-2d-builtin from cce:/internal/x/cc as external dependency cce:/internal/x/cc-fu/physics-2d-builtin.
21:18:00.487 debug: Resolve cce:/internal/x/cc-fu/physics-2d-box2d-wasm from cce:/internal/x/cc as external dependency cce:/internal/x/cc-fu/physics-2d-box2d-wasm.
21:18:00.487 debug: Resolve cce:/internal/x/cc-fu/intersection-2d from cce:/internal/x/cc as external dependency cce:/internal/x/cc-fu/intersection-2d.
21:18:00.487 debug: Resolve cce:/internal/x/cc-fu/primitive from cce:/internal/x/cc as external dependency cce:/internal/x/cc-fu/primitive.
21:18:00.487 debug: Resolve cce:/internal/x/cc-fu/profiler from cce:/internal/x/cc as external dependency cce:/internal/x/cc-fu/profiler.
21:18:00.487 debug: Resolve cce:/internal/x/cc-fu/geometry-renderer from cce:/internal/x/cc as external dependency cce:/internal/x/cc-fu/geometry-renderer.
21:18:00.487 debug: Resolve cce:/internal/x/cc-fu/audio from cce:/internal/x/cc as external dependency cce:/internal/x/cc-fu/audio.
21:18:00.487 debug: Resolve cce:/internal/x/cc-fu/video from cce:/internal/x/cc as external dependency cce:/internal/x/cc-fu/video.
21:18:00.487 debug: Resolve cce:/internal/x/cc-fu/xr from cce:/internal/x/cc as external dependency cce:/internal/x/cc-fu/xr.
21:18:00.487 debug: Resolve cce:/internal/x/cc-fu/light-probe from cce:/internal/x/cc as external dependency cce:/internal/x/cc-fu/light-probe.
21:18:00.487 debug: Resolve cce:/internal/x/cc-fu/terrain from cce:/internal/x/cc as external dependency cce:/internal/x/cc-fu/terrain.
21:18:00.487 debug: Resolve cce:/internal/x/cc-fu/webview from cce:/internal/x/cc as external dependency cce:/internal/x/cc-fu/webview.
21:18:00.487 debug: Resolve cce:/internal/x/cc-fu/tween from cce:/internal/x/cc as external dependency cce:/internal/x/cc-fu/tween.
21:18:00.487 debug: Resolve cce:/internal/x/cc-fu/tiled-map from cce:/internal/x/cc as external dependency cce:/internal/x/cc-fu/tiled-map.
21:18:00.487 debug: Resolve cce:/internal/x/cc-fu/vendor-google from cce:/internal/x/cc as external dependency cce:/internal/x/cc-fu/vendor-google.
21:18:00.487 debug: Resolve cce:/internal/x/cc-fu/spine from cce:/internal/x/cc as external dependency cce:/internal/x/cc-fu/spine.
21:18:00.487 debug: Resolve cce:/internal/x/cc-fu/dragon-bones from cce:/internal/x/cc as external dependency cce:/internal/x/cc-fu/dragon-bones.
21:18:00.487 debug: Resolve cce:/internal/x/cc-fu/custom-pipeline from cce:/internal/x/cc as external dependency cce:/internal/x/cc-fu/custom-pipeline.
21:18:00.487 debug: Resolve cce:/internal/x/cc-fu/custom-pipeline-post-process from cce:/internal/x/cc as external dependency cce:/internal/x/cc-fu/custom-pipeline-post-process.
21:18:00.487 debug: Resolve cce:/internal/x/cc-fu/legacy-pipeline from cce:/internal/x/cc as external dependency cce:/internal/x/cc-fu/legacy-pipeline.
21:18:00.487 debug: Detected change: cce:/internal/x/prerequisite-imports. Last mtime: Thu Jan 01 1970 08:00:05 GMT+0800 (Indochina Time), Current mtime: Thu Jan 01 1970 08:00:04 GMT+0800 (Indochina Time)
21:18:00.487 debug: Inspect cce:/internal/x/prerequisite-imports
21:18:00.492 debug: transform url: 'cce:/internal/x/prerequisite-imports' costs: 4.30 ms
21:18:00.494 debug: Target(editor) ends with cost 29.42804199999955ms.
21:18:00.494 debug: Target(preview) build started.
21:18:00.494 debug: Detected change: cce:/internal/x/cc. Last mtime: Thu Jan 01 1970 08:00:04 GMT+0800 (Indochina Time), Current mtime: Thu Jan 01 1970 08:00:04 GMT+0800 (Indochina Time)
21:18:00.494 debug: Inspect cce:/internal/x/cc
21:18:00.503 debug: transform url: 'cce:/internal/x/cc' costs: 9.20 ms
21:18:00.504 debug: Resolve cce:/internal/x/cc-fu/2d from cce:/internal/x/cc as external dependency cce:/internal/x/cc-fu/2d.
21:18:00.504 debug: Resolve cce:/internal/x/cc-fu/sorting from cce:/internal/x/cc as external dependency cce:/internal/x/cc-fu/sorting.
21:18:00.504 debug: Resolve cce:/internal/x/cc-fu/affine-transform from cce:/internal/x/cc as external dependency cce:/internal/x/cc-fu/affine-transform.
21:18:00.504 debug: Resolve cce:/internal/x/cc-fu/animation from cce:/internal/x/cc as external dependency cce:/internal/x/cc-fu/animation.
21:18:00.504 debug: Resolve cce:/internal/x/cc-fu/audio from cce:/internal/x/cc as external dependency cce:/internal/x/cc-fu/audio.
21:18:00.504 debug: Resolve cce:/internal/x/cc-fu/base from cce:/internal/x/cc as external dependency cce:/internal/x/cc-fu/base.
21:18:00.504 debug: Resolve cce:/internal/x/cc-fu/custom-pipeline from cce:/internal/x/cc as external dependency cce:/internal/x/cc-fu/custom-pipeline.
21:18:00.504 debug: Resolve cce:/internal/x/cc-fu/dragon-bones from cce:/internal/x/cc as external dependency cce:/internal/x/cc-fu/dragon-bones.
21:18:00.504 debug: Resolve cce:/internal/x/cc-fu/gfx-webgl from cce:/internal/x/cc as external dependency cce:/internal/x/cc-fu/gfx-webgl.
21:18:00.504 debug: Resolve cce:/internal/x/cc-fu/gfx-webgl2 from cce:/internal/x/cc as external dependency cce:/internal/x/cc-fu/gfx-webgl2.
21:18:00.504 debug: Resolve cce:/internal/x/cc-fu/graphics from cce:/internal/x/cc as external dependency cce:/internal/x/cc-fu/graphics.
21:18:00.504 debug: Resolve cce:/internal/x/cc-fu/intersection-2d from cce:/internal/x/cc as external dependency cce:/internal/x/cc-fu/intersection-2d.
21:18:00.504 debug: Resolve cce:/internal/x/cc-fu/mask from cce:/internal/x/cc as external dependency cce:/internal/x/cc-fu/mask.
21:18:00.504 debug: Resolve cce:/internal/x/cc-fu/particle-2d from cce:/internal/x/cc as external dependency cce:/internal/x/cc-fu/particle-2d.
21:18:00.504 debug: Resolve cce:/internal/x/cc-fu/physics-2d-box2d from cce:/internal/x/cc as external dependency cce:/internal/x/cc-fu/physics-2d-box2d.
21:18:00.504 debug: Resolve cce:/internal/x/cc-fu/physics-2d-framework from cce:/internal/x/cc as external dependency cce:/internal/x/cc-fu/physics-2d-framework.
21:18:00.504 debug: Resolve cce:/internal/x/cc-fu/profiler from cce:/internal/x/cc as external dependency cce:/internal/x/cc-fu/profiler.
21:18:00.504 debug: Resolve cce:/internal/x/cc-fu/rich-text from cce:/internal/x/cc as external dependency cce:/internal/x/cc-fu/rich-text.
21:18:00.504 debug: Resolve cce:/internal/x/cc-fu/spine from cce:/internal/x/cc as external dependency cce:/internal/x/cc-fu/spine.
21:18:00.504 debug: Resolve cce:/internal/x/cc-fu/tiled-map from cce:/internal/x/cc as external dependency cce:/internal/x/cc-fu/tiled-map.
21:18:00.504 debug: Resolve cce:/internal/x/cc-fu/tween from cce:/internal/x/cc as external dependency cce:/internal/x/cc-fu/tween.
21:18:00.504 debug: Resolve cce:/internal/x/cc-fu/ui from cce:/internal/x/cc as external dependency cce:/internal/x/cc-fu/ui.
21:18:00.504 debug: Resolve cce:/internal/x/cc-fu/video from cce:/internal/x/cc as external dependency cce:/internal/x/cc-fu/video.
21:18:00.504 debug: Resolve cce:/internal/x/cc-fu/webview from cce:/internal/x/cc as external dependency cce:/internal/x/cc-fu/webview.
21:18:00.504 debug: Detected change: cce:/internal/x/prerequisite-imports. Last mtime: Thu Jan 01 1970 08:00:05 GMT+0800 (Indochina Time), Current mtime: Thu Jan 01 1970 08:00:04 GMT+0800 (Indochina Time)
21:18:00.504 debug: Inspect cce:/internal/x/prerequisite-imports
21:18:00.508 debug: transform url: 'cce:/internal/x/prerequisite-imports' costs: 3.90 ms
21:18:00.509 debug: Target(preview) ends with cost 15.632249999999658ms.
21:18:01.140 debug: Pulling asset-db.
21:18:01.421 debug: Fetch asset-db cost: 280.93354100000033ms.
21:18:01.422 debug: Build iteration starts.
Number of accumulated asset changes: 6
Feature changed: false
21:18:01.422 debug: Target(editor) build started.
21:18:01.423 debug: Detected change: cce:/internal/x/prerequisite-imports. Last mtime: Thu Jan 01 1970 08:00:04 GMT+0800 (Indochina Time), Current mtime: Thu Jan 01 1970 08:00:05 GMT+0800 (Indochina Time)
21:18:01.423 debug: Inspect cce:/internal/x/prerequisite-imports
21:18:01.427 debug: transform url: 'cce:/internal/x/prerequisite-imports' costs: 4.30 ms
21:18:01.427 debug: Resolve file:///Applications/Cocos/Creator/3.8.7/CocosCreator.app/Contents/Resources/resources/3d/engine/editor/assets/default_renderpipeline/builtin-dof-pass.ts from cce:/internal/x/prerequisite-imports as file:///Applications/Cocos/Creator/3.8.7/CocosCreator.app/Contents/Resources/resources/3d/engine/editor/assets/default_renderpipeline/builtin-dof-pass.ts.
21:18:01.427 debug: Resolve file:///Applications/Cocos/Creator/3.8.7/CocosCreator.app/Contents/Resources/resources/3d/engine/editor/assets/default_renderpipeline/builtin-pipeline-pass.ts from cce:/internal/x/prerequisite-imports as file:///Applications/Cocos/Creator/3.8.7/CocosCreator.app/Contents/Resources/resources/3d/engine/editor/assets/default_renderpipeline/builtin-pipeline-pass.ts.
21:18:01.427 debug: Resolve file:///Applications/Cocos/Creator/3.8.7/CocosCreator.app/Contents/Resources/resources/3d/engine/editor/assets/default_renderpipeline/builtin-pipeline-settings.ts from cce:/internal/x/prerequisite-imports as file:///Applications/Cocos/Creator/3.8.7/CocosCreator.app/Contents/Resources/resources/3d/engine/editor/assets/default_renderpipeline/builtin-pipeline-settings.ts.
21:18:01.428 debug: Resolve file:///Applications/Cocos/Creator/3.8.7/CocosCreator.app/Contents/Resources/resources/3d/engine/editor/assets/default_renderpipeline/builtin-pipeline-types.ts from cce:/internal/x/prerequisite-imports as file:///Applications/Cocos/Creator/3.8.7/CocosCreator.app/Contents/Resources/resources/3d/engine/editor/assets/default_renderpipeline/builtin-pipeline-types.ts.
21:18:01.428 debug: Resolve file:///Applications/Cocos/Creator/3.8.7/CocosCreator.app/Contents/Resources/resources/3d/engine/editor/assets/default_renderpipeline/builtin-pipeline.ts from cce:/internal/x/prerequisite-imports as file:///Applications/Cocos/Creator/3.8.7/CocosCreator.app/Contents/Resources/resources/3d/engine/editor/assets/default_renderpipeline/builtin-pipeline.ts.
21:18:01.428 debug: Resolve file:///Applications/Cocos/Creator/3.8.7/CocosCreator.app/Contents/Resources/resources/3d/engine/editor/assets/tools/debug-view-runtime-control.ts from cce:/internal/x/prerequisite-imports as file:///Applications/Cocos/Creator/3.8.7/CocosCreator.app/Contents/Resources/resources/3d/engine/editor/assets/tools/debug-view-runtime-control.ts.
21:18:01.428 debug: Detected change: cce:/internal/code-quality/cr.mjs. Last mtime: Mon Oct 13 2025 20:30:51 GMT+0700 (Indochina Time), Current mtime: Tue Oct 14 2025 21:17:56 GMT+0700 (Indochina Time)
21:18:01.428 debug: Inspect cce:/internal/code-quality/cr.mjs
21:18:01.431 debug: transform url: 'cce:/internal/code-quality/cr.mjs' costs: 3.40 ms
21:18:01.434 debug: Target(editor) ends with cost 11.757125000000087ms.
21:18:01.434 debug: Target(preview) build started.
21:18:01.434 debug: Detected change: cce:/internal/x/prerequisite-imports. Last mtime: Thu Jan 01 1970 08:00:04 GMT+0800 (Indochina Time), Current mtime: Thu Jan 01 1970 08:00:05 GMT+0800 (Indochina Time)
21:18:01.434 debug: Inspect cce:/internal/x/prerequisite-imports
21:18:01.438 debug: transform url: 'cce:/internal/x/prerequisite-imports' costs: 3.50 ms
21:18:01.438 debug: Resolve file:///Applications/Cocos/Creator/3.8.7/CocosCreator.app/Contents/Resources/resources/3d/engine/editor/assets/default_renderpipeline/builtin-dof-pass.ts from cce:/internal/x/prerequisite-imports as file:///Applications/Cocos/Creator/3.8.7/CocosCreator.app/Contents/Resources/resources/3d/engine/editor/assets/default_renderpipeline/builtin-dof-pass.ts.
21:18:01.438 debug: Resolve file:///Applications/Cocos/Creator/3.8.7/CocosCreator.app/Contents/Resources/resources/3d/engine/editor/assets/default_renderpipeline/builtin-pipeline-pass.ts from cce:/internal/x/prerequisite-imports as file:///Applications/Cocos/Creator/3.8.7/CocosCreator.app/Contents/Resources/resources/3d/engine/editor/assets/default_renderpipeline/builtin-pipeline-pass.ts.
21:18:01.438 debug: Resolve file:///Applications/Cocos/Creator/3.8.7/CocosCreator.app/Contents/Resources/resources/3d/engine/editor/assets/default_renderpipeline/builtin-pipeline-settings.ts from cce:/internal/x/prerequisite-imports as file:///Applications/Cocos/Creator/3.8.7/CocosCreator.app/Contents/Resources/resources/3d/engine/editor/assets/default_renderpipeline/builtin-pipeline-settings.ts.
21:18:01.439 debug: Resolve file:///Applications/Cocos/Creator/3.8.7/CocosCreator.app/Contents/Resources/resources/3d/engine/editor/assets/default_renderpipeline/builtin-pipeline-types.ts from cce:/internal/x/prerequisite-imports as file:///Applications/Cocos/Creator/3.8.7/CocosCreator.app/Contents/Resources/resources/3d/engine/editor/assets/default_renderpipeline/builtin-pipeline-types.ts.
21:18:01.439 debug: Resolve file:///Applications/Cocos/Creator/3.8.7/CocosCreator.app/Contents/Resources/resources/3d/engine/editor/assets/default_renderpipeline/builtin-pipeline.ts from cce:/internal/x/prerequisite-imports as file:///Applications/Cocos/Creator/3.8.7/CocosCreator.app/Contents/Resources/resources/3d/engine/editor/assets/default_renderpipeline/builtin-pipeline.ts.
21:18:01.439 debug: Resolve file:///Applications/Cocos/Creator/3.8.7/CocosCreator.app/Contents/Resources/resources/3d/engine/editor/assets/tools/debug-view-runtime-control.ts from cce:/internal/x/prerequisite-imports as file:///Applications/Cocos/Creator/3.8.7/CocosCreator.app/Contents/Resources/resources/3d/engine/editor/assets/tools/debug-view-runtime-control.ts.
21:18:01.439 debug: Detected change: cce:/internal/code-quality/cr.mjs. Last mtime: Mon Oct 13 2025 20:30:51 GMT+0700 (Indochina Time), Current mtime: Tue Oct 14 2025 21:17:56 GMT+0700 (Indochina Time)
21:18:01.439 debug: Inspect cce:/internal/code-quality/cr.mjs
21:18:01.444 debug: transform url: 'cce:/internal/code-quality/cr.mjs' costs: 5.20 ms
21:18:01.446 debug: Target(preview) ends with cost 12.175583000000188ms.
22:51:47.375 debug: Dispatch build request for time accumulated 1 asset changes.
22:51:47.378 debug: Build iteration starts.
Number of accumulated asset changes: 1
Feature changed: false
22:51:47.379 debug: Target(editor) build started.
22:51:47.381 debug: Detected change: cce:/internal/x/prerequisite-imports. Last mtime: Thu Jan 01 1970 08:00:05 GMT+0800 (Indochina Time), Current mtime: Thu Jan 01 1970 09:33:51 GMT+0800 (Indochina Time)
22:51:47.381 debug: Inspect cce:/internal/x/prerequisite-imports
22:51:47.397 debug: transform url: 'cce:/internal/x/prerequisite-imports' costs: 15.40 ms
22:51:47.398 debug: Resolve file:///Applications/Cocos/Creator/3.8.7/CocosCreator.app/Contents/Resources/resources/3d/engine/editor/assets/default_renderpipeline/builtin-dof-pass.ts from cce:/internal/x/prerequisite-imports as file:///Applications/Cocos/Creator/3.8.7/CocosCreator.app/Contents/Resources/resources/3d/engine/editor/assets/default_renderpipeline/builtin-dof-pass.ts.
22:51:47.398 debug: Resolve file:///Applications/Cocos/Creator/3.8.7/CocosCreator.app/Contents/Resources/resources/3d/engine/editor/assets/default_renderpipeline/builtin-pipeline-pass.ts from cce:/internal/x/prerequisite-imports as file:///Applications/Cocos/Creator/3.8.7/CocosCreator.app/Contents/Resources/resources/3d/engine/editor/assets/default_renderpipeline/builtin-pipeline-pass.ts.
22:51:47.398 debug: Resolve file:///Applications/Cocos/Creator/3.8.7/CocosCreator.app/Contents/Resources/resources/3d/engine/editor/assets/default_renderpipeline/builtin-pipeline-settings.ts from cce:/internal/x/prerequisite-imports as file:///Applications/Cocos/Creator/3.8.7/CocosCreator.app/Contents/Resources/resources/3d/engine/editor/assets/default_renderpipeline/builtin-pipeline-settings.ts.
22:51:47.398 debug: Resolve file:///Applications/Cocos/Creator/3.8.7/CocosCreator.app/Contents/Resources/resources/3d/engine/editor/assets/default_renderpipeline/builtin-pipeline-types.ts from cce:/internal/x/prerequisite-imports as file:///Applications/Cocos/Creator/3.8.7/CocosCreator.app/Contents/Resources/resources/3d/engine/editor/assets/default_renderpipeline/builtin-pipeline-types.ts.
22:51:47.398 debug: Resolve file:///Applications/Cocos/Creator/3.8.7/CocosCreator.app/Contents/Resources/resources/3d/engine/editor/assets/default_renderpipeline/builtin-pipeline.ts from cce:/internal/x/prerequisite-imports as file:///Applications/Cocos/Creator/3.8.7/CocosCreator.app/Contents/Resources/resources/3d/engine/editor/assets/default_renderpipeline/builtin-pipeline.ts.
22:51:47.398 debug: Resolve file:///Applications/Cocos/Creator/3.8.7/CocosCreator.app/Contents/Resources/resources/3d/engine/editor/assets/tools/debug-view-runtime-control.ts from cce:/internal/x/prerequisite-imports as file:///Applications/Cocos/Creator/3.8.7/CocosCreator.app/Contents/Resources/resources/3d/engine/editor/assets/tools/debug-view-runtime-control.ts.
22:51:47.398 debug: Resolve file:///Users/thobn/DEVELOP/Game/BoiBai/assets/scripts/MenuScene.ts from cce:/internal/x/prerequisite-imports as file:///Users/thobn/DEVELOP/Game/BoiBai/assets/scripts/MenuScene.ts.
22:51:47.399 debug: Inspect file:///Users/thobn/DEVELOP/Game/BoiBai/assets/scripts/MenuScene.ts
22:51:47.409 debug: transform url: 'file:///Users/thobn/DEVELOP/Game/BoiBai/assets/scripts/MenuScene.ts' costs: 10.90 ms
22:51:47.410 debug: Resolve cc from file:///Users/thobn/DEVELOP/Game/BoiBai/assets/scripts/MenuScene.ts as cce:/internal/x/cc.
22:51:47.410 debug: Resolve cc from file:///Users/thobn/DEVELOP/Game/BoiBai/assets/scripts/MenuScene.ts as cce:/internal/x/cc.
22:51:47.410 debug: Resolve cc from file:///Users/thobn/DEVELOP/Game/BoiBai/assets/scripts/MenuScene.ts as cce:/internal/x/cc.
22:51:47.413 debug: Target(editor) ends with cost 33.831249999813735ms.
22:51:47.413 debug: Target(preview) build started.
22:51:47.414 debug: Detected change: cce:/internal/x/prerequisite-imports. Last mtime: Thu Jan 01 1970 08:00:05 GMT+0800 (Indochina Time), Current mtime: Thu Jan 01 1970 09:33:51 GMT+0800 (Indochina Time)
22:51:47.414 debug: Inspect cce:/internal/x/prerequisite-imports
22:51:47.419 debug: transform url: 'cce:/internal/x/prerequisite-imports' costs: 5.40 ms
22:51:47.419 debug: Resolve file:///Applications/Cocos/Creator/3.8.7/CocosCreator.app/Contents/Resources/resources/3d/engine/editor/assets/default_renderpipeline/builtin-dof-pass.ts from cce:/internal/x/prerequisite-imports as file:///Applications/Cocos/Creator/3.8.7/CocosCreator.app/Contents/Resources/resources/3d/engine/editor/assets/default_renderpipeline/builtin-dof-pass.ts.
22:51:47.420 debug: Resolve file:///Applications/Cocos/Creator/3.8.7/CocosCreator.app/Contents/Resources/resources/3d/engine/editor/assets/default_renderpipeline/builtin-pipeline-pass.ts from cce:/internal/x/prerequisite-imports as file:///Applications/Cocos/Creator/3.8.7/CocosCreator.app/Contents/Resources/resources/3d/engine/editor/assets/default_renderpipeline/builtin-pipeline-pass.ts.
22:51:47.420 debug: Resolve file:///Applications/Cocos/Creator/3.8.7/CocosCreator.app/Contents/Resources/resources/3d/engine/editor/assets/default_renderpipeline/builtin-pipeline-settings.ts from cce:/internal/x/prerequisite-imports as file:///Applications/Cocos/Creator/3.8.7/CocosCreator.app/Contents/Resources/resources/3d/engine/editor/assets/default_renderpipeline/builtin-pipeline-settings.ts.
22:51:47.420 debug: Resolve file:///Applications/Cocos/Creator/3.8.7/CocosCreator.app/Contents/Resources/resources/3d/engine/editor/assets/default_renderpipeline/builtin-pipeline-types.ts from cce:/internal/x/prerequisite-imports as file:///Applications/Cocos/Creator/3.8.7/CocosCreator.app/Contents/Resources/resources/3d/engine/editor/assets/default_renderpipeline/builtin-pipeline-types.ts.
22:51:47.420 debug: Resolve file:///Applications/Cocos/Creator/3.8.7/CocosCreator.app/Contents/Resources/resources/3d/engine/editor/assets/default_renderpipeline/builtin-pipeline.ts from cce:/internal/x/prerequisite-imports as file:///Applications/Cocos/Creator/3.8.7/CocosCreator.app/Contents/Resources/resources/3d/engine/editor/assets/default_renderpipeline/builtin-pipeline.ts.
22:51:47.420 debug: Resolve file:///Applications/Cocos/Creator/3.8.7/CocosCreator.app/Contents/Resources/resources/3d/engine/editor/assets/tools/debug-view-runtime-control.ts from cce:/internal/x/prerequisite-imports as file:///Applications/Cocos/Creator/3.8.7/CocosCreator.app/Contents/Resources/resources/3d/engine/editor/assets/tools/debug-view-runtime-control.ts.
22:51:47.420 debug: Resolve file:///Users/thobn/DEVELOP/Game/BoiBai/assets/scripts/MenuScene.ts from cce:/internal/x/prerequisite-imports as file:///Users/thobn/DEVELOP/Game/BoiBai/assets/scripts/MenuScene.ts.
22:51:47.420 debug: Inspect file:///Users/thobn/DEVELOP/Game/BoiBai/assets/scripts/MenuScene.ts
22:51:47.429 debug: transform url: 'file:///Users/thobn/DEVELOP/Game/BoiBai/assets/scripts/MenuScene.ts' costs: 8.80 ms
22:51:47.430 debug: Resolve cc from file:///Users/thobn/DEVELOP/Game/BoiBai/assets/scripts/MenuScene.ts as cce:/internal/x/cc.
22:51:47.430 debug: Resolve cc from file:///Users/thobn/DEVELOP/Game/BoiBai/assets/scripts/MenuScene.ts as cce:/internal/x/cc.
22:51:47.430 debug: Resolve cc from file:///Users/thobn/DEVELOP/Game/BoiBai/assets/scripts/MenuScene.ts as cce:/internal/x/cc.
22:51:47.432 debug: Target(preview) ends with cost 19.116582999937236ms.
