10-13-2025 20:30:53-log: Cannot access game frame or container.
10-13-2025 20:30:53-debug: asset-db:require-engine-code (470ms)
10-13-2025 20:30:53-log: meshopt wasm decoder initialized
10-13-2025 20:30:53-log: [box2d]:box2d wasm lib loaded.
10-13-2025 20:30:53-log: [bullet]:bullet wasm lib loaded.
10-13-2025 20:30:53-log: Cocos Creator v3.8.7
10-13-2025 20:30:53-log: Forward render pipeline initialized.
10-13-2025 20:30:53-log: Using legacy pipeline
10-13-2025 20:30:53-debug: [Assets Memory track]: asset-db:worker-init: initEngine start:29.32MB, end 79.77MB, increase: 50.46MB
10-13-2025 20:30:55-debug: [Assets Memory track]: asset-db:worker-init: initPlugin start:79.86MB, end 273.98MB, increase: 194.12MB
10-13-2025 20:30:55-debug: run package(migu-mini-game) handler(enable) start
10-13-2025 20:30:55-debug: run package(ohos) handler(enable) start
10-13-2025 20:30:55-debug: run package(ohos) handler(enable) success!
10-13-2025 20:30:55-debug: run package(oppo-mini-game) handler(enable) start
10-13-2025 20:30:55-debug: run package(oppo-mini-game) handler(enable) success!
10-13-2025 20:30:55-debug: run package(runtime-dev-tools) handler(enable) start
10-13-2025 20:30:55-debug: run package(runtime-dev-tools) handler(enable) success!
10-13-2025 20:30:55-debug: run package(taobao-mini-game) handler(enable) start
10-13-2025 20:30:55-debug: run package(native) handler(enable) success!
10-13-2025 20:30:55-debug: run package(taobao-mini-game) handler(enable) success!
10-13-2025 20:30:55-debug: run package(vivo-mini-game) handler(enable) success!
10-13-2025 20:30:55-debug: run package(web-desktop) handler(enable) start
10-13-2025 20:30:55-debug: run package(web-desktop) handler(enable) success!
10-13-2025 20:30:55-debug: run package(web-mobile) handler(enable) start
10-13-2025 20:30:55-debug: run package(web-mobile) handler(enable) success!
10-13-2025 20:30:55-debug: run package(wechatgame) handler(enable) start
10-13-2025 20:30:55-debug: run package(wechatgame) handler(enable) success!
10-13-2025 20:30:55-debug: run package(vivo-mini-game) handler(enable) start
10-13-2025 20:30:55-debug: run package(wechatprogram) handler(enable) success!
10-13-2025 20:30:55-debug: run package(windows) handler(enable) start
10-13-2025 20:30:55-debug: run package(windows) handler(enable) success!
10-13-2025 20:30:55-debug: run package(migu-mini-game) handler(enable) success!
10-13-2025 20:30:55-debug: run package(wechatprogram) handler(enable) start
10-13-2025 20:30:55-debug: run package(cocos-service) handler(enable) start
10-13-2025 20:30:55-debug: run package(cocos-service) handler(enable) success!
10-13-2025 20:30:55-debug: run package(im-plugin) handler(enable) start
10-13-2025 20:30:55-debug: run package(im-plugin) handler(enable) success!
10-13-2025 20:30:55-debug: run package(placeholder) handler(enable) start
10-13-2025 20:30:55-debug: run package(placeholder) handler(enable) success!
10-13-2025 20:30:55-debug: run package(xiaomi-quick-game) handler(enable) start
10-13-2025 20:30:55-debug: run package(xiaomi-quick-game) handler(enable) success!
10-13-2025 20:30:55-debug: run package(native) handler(enable) start
10-13-2025 20:30:55-debug: asset-db:worker-init: initPlugin (1871ms)
10-13-2025 20:30:55-debug: [Assets Memory track]: asset-db:worker-init start:29.31MB, end 275.44MB, increase: 246.13MB
10-13-2025 20:30:55-debug: Run asset db hook programming:beforePreStart ...
10-13-2025 20:30:55-debug: Preimport db  success
10-13-2025 20:30:55-debug: Preimport db  success
10-13-2025 20:30:55-debug: Run asset db hook programming:afterPreStart ...
10-13-2025 20:30:55-debug: Run asset db hook programming:beforePreStart success!
10-13-2025 20:30:55-debug: Run asset db hook engine-extends:beforePreStart success!
10-13-2025 20:30:55-debug: Run asset db hook engine-extends:beforePreStart ...
10-13-2025 20:30:55-debug: starting packer-driver...
10-13-2025 20:30:55-debug: asset-db:worker-init (2429ms)
10-13-2025 20:30:55-debug: asset-db-hook-engine-extends-beforePreStart (28ms)
10-13-2025 20:30:55-debug: asset-db-hook-programming-beforePreStart (28ms)
10-13-2025 20:30:55-debug: initialize scripting environment...
10-13-2025 20:30:55-debug: [[Executor]] prepare before lock
10-13-2025 20:30:55-debug: Set detail map pack:///resolution-detail-map.json: {}
10-13-2025 20:30:55-debug: [[Executor]] prepare after unlock
10-13-2025 20:30:55-debug: Run asset db hook programming:afterPreStart success!
10-13-2025 20:30:55-debug: Run asset db hook engine-extends:afterPreStart ...
10-13-2025 20:30:55-debug: Run asset db hook engine-extends:afterPreStart success!
10-13-2025 20:30:55-debug: [Assets Memory track]: asset-db:worker-init: preStart start:275.45MB, end 279.45MB, increase: 4.00MB
10-13-2025 20:30:55-debug: Start up the 'internal' database...
10-13-2025 20:30:55-debug: asset-db-hook-programming-afterPreStart (139ms)
10-13-2025 20:30:55-debug: asset-db:worker-effect-data-processing (40ms)
10-13-2025 20:30:55-debug: asset-db-hook-engine-extends-afterPreStart (40ms)
10-13-2025 20:30:55-debug: Run asset db hook engine-extends:afterStartDB ...
10-13-2025 20:30:56-debug: recompile effect.bin success
10-13-2025 20:30:56-debug: Run asset db hook engine-extends:afterStartDB success!
10-13-2025 20:30:56-debug: Start up the 'assets' database...
10-13-2025 20:30:56-debug: asset-db:worker-effect-data-processing (161ms)
10-13-2025 20:30:56-debug: asset-db-hook-engine-extends-afterStartDB (161ms)
10-13-2025 20:30:56-debug: Run asset db hook engine-extends:afterStartDB ...
10-13-2025 20:30:56-debug: recompile effect.bin success
10-13-2025 20:30:56-debug: lazy register asset handler directory
10-13-2025 20:30:56-debug: lazy register asset handler text
10-13-2025 20:30:56-debug: lazy register asset handler json
10-13-2025 20:30:56-debug: lazy register asset handler spine-data
10-13-2025 20:30:56-debug: lazy register asset handler dragonbones
10-13-2025 20:30:56-debug: lazy register asset handler dragonbones-atlas
10-13-2025 20:30:56-debug: lazy register asset handler terrain
10-13-2025 20:30:56-debug: lazy register asset handler javascript
10-13-2025 20:30:56-debug: lazy register asset handler typescript
10-13-2025 20:30:56-debug: lazy register asset handler scene
10-13-2025 20:30:56-debug: lazy register asset handler prefab
10-13-2025 20:30:56-debug: lazy register asset handler sprite-frame
10-13-2025 20:30:56-debug: lazy register asset handler tiled-map
10-13-2025 20:30:56-debug: lazy register asset handler buffer
10-13-2025 20:30:56-debug: lazy register asset handler image
10-13-2025 20:30:56-debug: lazy register asset handler sign-image
10-13-2025 20:30:56-debug: lazy register asset handler alpha-image
10-13-2025 20:30:56-debug: lazy register asset handler texture
10-13-2025 20:30:56-debug: lazy register asset handler texture-cube
10-13-2025 20:30:56-debug: lazy register asset handler erp-texture-cube
10-13-2025 20:30:56-debug: lazy register asset handler render-texture
10-13-2025 20:30:56-debug: lazy register asset handler rt-sprite-frame
10-13-2025 20:30:56-debug: lazy register asset handler gltf
10-13-2025 20:30:56-debug: lazy register asset handler texture-cube-face
10-13-2025 20:30:56-debug: lazy register asset handler gltf-mesh
10-13-2025 20:30:56-debug: lazy register asset handler gltf-animation
10-13-2025 20:30:56-debug: lazy register asset handler gltf-skeleton
10-13-2025 20:30:56-debug: lazy register asset handler gltf-material
10-13-2025 20:30:56-debug: lazy register asset handler gltf-scene
10-13-2025 20:30:56-debug: lazy register asset handler gltf-embeded-image
10-13-2025 20:30:56-debug: lazy register asset handler fbx
10-13-2025 20:30:56-debug: lazy register asset handler material
10-13-2025 20:30:56-debug: lazy register asset handler physics-material
10-13-2025 20:30:56-debug: lazy register asset handler effect
10-13-2025 20:30:56-debug: lazy register asset handler effect-header
10-13-2025 20:30:56-debug: lazy register asset handler audio-clip
10-13-2025 20:30:56-debug: lazy register asset handler animation-clip
10-13-2025 20:30:56-debug: lazy register asset handler animation-graph
10-13-2025 20:30:56-debug: lazy register asset handler animation-graph-variant
10-13-2025 20:30:56-debug: lazy register asset handler animation-mask
10-13-2025 20:30:56-debug: lazy register asset handler ttf-font
10-13-2025 20:30:56-debug: [Assets Memory track]: asset-db:worker-init: startup start:279.46MB, end 309.57MB, increase: 30.10MB
10-13-2025 20:30:56-debug: lazy register asset handler particle
10-13-2025 20:30:56-debug: lazy register asset handler sprite-atlas
10-13-2025 20:30:56-debug: lazy register asset handler auto-atlas
10-13-2025 20:30:56-debug: lazy register asset handler label-atlas
10-13-2025 20:30:56-debug: lazy register asset handler render-pipeline
10-13-2025 20:30:56-debug: lazy register asset handler render-stage
10-13-2025 20:30:56-debug: lazy register asset handler render-flow
10-13-2025 20:30:56-debug: lazy register asset handler instantiation-material
10-13-2025 20:30:56-debug: lazy register asset handler instantiation-mesh
10-13-2025 20:30:56-debug: lazy register asset handler instantiation-skeleton
10-13-2025 20:30:56-debug: lazy register asset handler instantiation-animation
10-13-2025 20:30:56-debug: lazy register asset handler video-clip
10-13-2025 20:30:56-debug: Run asset db hook engine-extends:afterStartDB success!
10-13-2025 20:30:56-debug: lazy register asset handler bitmap-font
10-13-2025 20:30:56-debug: lazy register asset handler *
10-13-2025 20:30:56-debug: asset-db:worker-effect-data-processing (167ms)
10-13-2025 20:30:56-debug: asset-db-hook-engine-extends-afterStartDB (167ms)
10-13-2025 20:30:56-debug: asset-db:start-database (701ms)
10-13-2025 20:30:56-debug: asset-db:ready (4517ms)
10-13-2025 20:30:56-debug: init worker message success
10-13-2025 20:30:56-debug: [Build Memory track]: builder:worker-init start:309.41MB, end 322.87MB, increase: 13.46MB
10-13-2025 20:30:56-debug: builder:worker-init (261ms)
10-13-2025 20:31:49-debug: refresh db internal success
10-13-2025 20:31:49-debug: refresh db assets success
10-13-2025 20:31:49-debug: Run asset db hook engine-extends:afterRefresh ...
10-13-2025 20:31:49-debug: Run asset db hook engine-extends:afterRefresh success!
10-13-2025 20:31:49-debug: asset-db:refresh-all-database (41ms)
10-13-2025 20:31:49-debug: asset-db:worker-effect-data-processing (1ms)
10-13-2025 20:31:49-debug: asset-db-hook-engine-extends-afterRefresh (1ms)
10-13-2025 20:32:54-debug: Query all assets info in project
10-13-2025 20:32:54-debug: init custom config: keepNodeUuid: false, useCache: true
10-13-2025 20:32:54-debug: Skip compress image, progress: 0%
10-13-2025 20:32:54-debug: Init all bundles start..., progress: 0%
10-13-2025 20:32:54-debug: // ---- build task Query asset bundle ----
10-13-2025 20:32:54-debug: Query asset bundle start, progress: 0%
10-13-2025 20:32:54-debug: Init bundle root assets start..., progress: 0%
10-13-2025 20:32:54-debug: Num of bundles: 2..., progress: 0%
10-13-2025 20:32:54-debug: Query preload assets/scripts from cc.config.json: 60f7195c-ec2a-45eb-ba94-8955f60e81d0,1c02ae6f-4492-4915-b8f8-7492a3b1e4cd,810e96e4-e456-4468-9b59-f4e8f39732c0,efe8e2a3-eace-427b-b4f1-cb8a937ec77d,e9aa9a3e-5b2b-4ac7-a2c7-073de2b2b24f,8bbdbcdd-5cd4-4100-b6d5-b7c9625b6107,50f4348b-c883-4e2f-8f11-ce233b859fa1,fda095cb-831d-4601-ad94-846013963de8,f92806d7-1768-443f-afe8-12bcde84d0f0,dd3a144d-ab7f-41f0-82b8-2e43a090d496,f0416e68-0200-4b77-a926-4f9d16e494da,970b0598-bcb0-4714-91fb-2e81440dccd8,bcd64cc6-2dd9-43f6-abbe-66318d332032,d930590d-bb92-4cc8-8bd1-23cd027f9edf,a3cd009f-0ab0-420d-9278-b9fdab939bbc,6a2d0734-bd9e-4ddf-946e-caa52498cb75,c27215d8-6835-4b68-bfbb-bdeac6100c04,b5d6115f-0370-4d7c-aad3-c194cc71cf98,871c3b6c-7379-419d-bda3-794b239ab90d,ff9b0199-ce04-4cfe-86cc-6c719f08d6e4,de1c2107-70c8-4021-8459-6399f24d01c6,cbf30902-517f-40dc-af90-a550bac27cf1,5c601d96-e4c7-4698-991b-7ee674b11079
10-13-2025 20:32:54-debug:   Number of all scenes: 0
10-13-2025 20:32:54-debug:   Number of all scripts: 6
10-13-2025 20:32:54-debug:   Number of other assets: 311
10-13-2025 20:32:54-debug: Init bundle root assets success..., progress: 0%
10-13-2025 20:32:54-debug: // ---- build task Query asset bundle ---- (4ms)
10-13-2025 20:32:54-debug: [Build Memory track]: Query asset bundle start:225.89MB, end 225.63MB, increase: -259.23KB
10-13-2025 20:32:54-log: run build task Query asset bundle success in 4 ms√, progress: 5%
10-13-2025 20:32:54-debug: Query asset bundle start, progress: 5%
10-13-2025 20:32:54-debug: // ---- build task Query asset bundle ----
10-13-2025 20:32:54-debug: // ---- build task Query asset bundle ---- (1ms)
10-13-2025 20:32:54-debug: // ---- build task Sort some build options to settings.json ----
10-13-2025 20:32:54-log: run build task Query asset bundle success in 1 ms√, progress: 10%
10-13-2025 20:32:54-debug: [Build Memory track]: Query asset bundle start:225.67MB, end 225.75MB, increase: 83.99KB
10-13-2025 20:32:54-debug: Sort some build options to settings.json start, progress: 10%
10-13-2025 20:32:54-log: run build task Sort some build options to settings.json success in √, progress: 12%
10-13-2025 20:32:54-debug: [Build Memory track]: Sort some build options to settings.json start:225.79MB, end 225.80MB, increase: 19.63KB
10-13-2025 20:32:54-debug: // ---- build task Fill script data to settings ----
10-13-2025 20:32:54-debug: Fill script data to settings start, progress: 12%
10-13-2025 20:32:54-log: run build task Fill script data to settings success in √, progress: 13%
10-13-2025 20:32:54-debug: Sort some build options to settings.json start, progress: 13%
10-13-2025 20:32:54-debug: // ---- build task Sort some build options to settings.json ----
10-13-2025 20:32:54-debug: [Build Memory track]: Fill script data to settings start:225.85MB, end 225.86MB, increase: 18.68KB
10-13-2025 20:32:54-debug: // ---- build task Sort some build options to settings.json ---- (2ms)
10-13-2025 20:32:54-log: run build task Sort some build options to settings.json success in 2 ms√, progress: 15%
10-13-2025 20:32:54-debug: [Build Memory track]: Sort some build options to settings.json start:225.90MB, end 226.05MB, increase: 157.27KB
10-13-2025 20:33:11-debug: refresh db internal success
10-13-2025 20:33:11-debug: refresh db assets success
10-13-2025 20:33:11-debug: Run asset db hook engine-extends:afterRefresh ...
10-13-2025 20:33:11-debug: Run asset db hook engine-extends:afterRefresh success!
10-13-2025 20:33:11-debug: asset-db:refresh-all-database (40ms)
10-13-2025 20:33:11-debug: asset-db:worker-effect-data-processing (1ms)
10-13-2025 20:33:11-debug: asset-db-hook-engine-extends-afterRefresh (1ms)
10-13-2025 20:40:22-debug: refresh db internal success
10-13-2025 20:40:22-debug: refresh db assets success
10-13-2025 20:40:22-debug: Run asset db hook engine-extends:afterRefresh ...
10-13-2025 20:40:22-debug: Run asset db hook engine-extends:afterRefresh success!
10-13-2025 20:40:22-debug: asset-db:refresh-all-database (46ms)
10-13-2025 20:40:22-debug: asset-db:worker-effect-data-processing (1ms)
10-13-2025 20:40:22-debug: asset-db-hook-engine-extends-afterRefresh (2ms)
